# JRE version: OpenJDK Runtime Environment (8.0_402-b06) (build 1.8.0_402-8u402-ga-2ubuntu1~22.04-b06)
# Java VM: OpenJDK 64-Bit Server VM (25.402-b06 mixed mode linux-amd64 compressed oops)
Heap:
 PSYoungGen      total 279040K, used 6539K [0x0000000719380000, 0x0000000732280000, 0x00000007c0000000)
  eden space 258048K, 2% used [0x0000000719380000,0x00000007199e2e50,0x0000000728f80000)
  from space 20992K, 0% used [0x0000000728f80000,0x0000000728f80000,0x000000072a400000)
  to   space 20992K, 0% used [0x0000000730e00000,0x0000000730e00000,0x0000000732280000)
 ParOldGen       total 292352K, used 17064K [0x00000005cba00000, 0x00000005dd780000, 0x0000000719380000)
  object space 292352K, 5% used [0x00000005cba00000,0x00000005ccaaa2e0,0x00000005dd780000)
 Metaspace       used 33779K, capacity 35588K, committed 35672K, reserved 1081344K
  class space    used 4151K, capacity 4480K, committed 4480K, reserved 1048576K
GC Heap History (10 events):
Event: 0,837 GC heap before
{Heap before GC invocations=1 (full 0):
 PSYoungGen      total 150016K, used 129024K [0x0000000719380000, 0x0000000723a80000, 0x00000007c0000000)
  eden space 129024K, 100% used [0x0000000719380000,0x0000000721180000,0x0000000721180000)
  from space 20992K, 0% used [0x0000000722600000,0x0000000722600000,0x0000000723a80000)
  to   space 20992K, 0% used [0x0000000721180000,0x0000000721180000,0x0000000722600000)
 ParOldGen       total 343040K, used 0K [0x00000005cba00000, 0x00000005e0900000, 0x0000000719380000)
  object space 343040K, 0% used [0x00000005cba00000,0x00000005cba00000,0x00000005e0900000)
 Metaspace       used 18305K, capacity 18964K, committed 19072K, reserved 1067008K
  class space    used 2262K, capacity 2410K, committed 2432K, reserved 1048576K
Event: 0,849 GC heap after
Heap after GC invocations=1 (full 0):
 PSYoungGen      total 150016K, used 13286K [0x0000000719380000, 0x000000072b880000, 0x00000007c0000000)
  eden space 129024K, 0% used [0x0000000719380000,0x0000000719380000,0x0000000721180000)
  from space 20992K, 63% used [0x0000000721180000,0x0000000721e79840,0x0000000722600000)
  to   space 20992K, 0% used [0x000000072a400000,0x000000072a400000,0x000000072b880000)
 ParOldGen       total 343040K, used 16K [0x00000005cba00000, 0x00000005e0900000, 0x0000000719380000)
  object space 343040K, 0% used [0x00000005cba00000,0x00000005cba04000,0x00000005e0900000)
 Metaspace       used 18305K, capacity 18964K, committed 19072K, reserved 1067008K
  class space    used 2262K, capacity 2410K, committed 2432K, reserved 1048576K
}
Event: 1,047 GC heap before
{Heap before GC invocations=2 (full 0):
 PSYoungGen      total 150016K, used 53140K [0x0000000719380000, 0x000000072b880000, 0x00000007c0000000)
  eden space 129024K, 30% used [0x0000000719380000,0x000000071ba6bb60,0x0000000721180000)
  from space 20992K, 63% used [0x0000000721180000,0x0000000721e79840,0x0000000722600000)
  to   space 20992K, 0% used [0x000000072a400000,0x000000072a400000,0x000000072b880000)
 ParOldGen       total 343040K, used 16K [0x00000005cba00000, 0x00000005e0900000, 0x0000000719380000)
  object space 343040K, 0% used [0x00000005cba00000,0x00000005cba04000,0x00000005e0900000)
 Metaspace       used 20302K, capacity 21112K, committed 21248K, reserved 1067008K
  class space    used 2509K, capacity 2724K, committed 2816K, reserved 1048576K
Event: 1,052 GC heap after
Heap after GC invocations=2 (full 0):
 PSYoungGen      total 279040K, used 6925K [0x0000000719380000, 0x000000072b880000, 0x00000007c0000000)
  eden space 258048K, 0% used [0x0000000719380000,0x0000000719380000,0x0000000728f80000)
  from space 20992K, 32% used [0x000000072a400000,0x000000072aac3700,0x000000072b880000)
  to   space 20992K, 0% used [0x0000000728f80000,0x0000000728f80000,0x000000072a400000)
 ParOldGen       total 343040K, used 32K [0x00000005cba00000, 0x00000005e0900000, 0x0000000719380000)
  object space 343040K, 0% used [0x00000005cba00000,0x00000005cba08000,0x00000005e0900000)
 Metaspace       used 20302K, capacity 21112K, committed 21248K, reserved 1067008K
  class space    used 2509K, capacity 2724K, committed 2816K, reserved 1048576K
}
Event: 1,052 GC heap before
{Heap before GC invocations=3 (full 1):
 PSYoungGen      total 279040K, used 6925K [0x0000000719380000, 0x000000072b880000, 0x00000007c0000000)
  eden space 258048K, 0% used [0x0000000719380000,0x0000000719380000,0x0000000728f80000)
  from space 20992K, 32% used [0x000000072a400000,0x000000072aac3700,0x000000072b880000)
  to   space 20992K, 0% used [0x0000000728f80000,0x0000000728f80000,0x000000072a400000)
 ParOldGen       total 343040K, used 32K [0x00000005cba00000, 0x00000005e0900000, 0x0000000719380000)
  object space 343040K, 0% used [0x00000005cba00000,0x00000005cba08000,0x00000005e0900000)
 Metaspace       used 20302K, capacity 21112K, committed 21248K, reserved 1067008K
  class space    used 2509K, capacity 2724K, committed 2816K, reserved 1048576K
Event: 1,069 GC heap after
Heap after GC invocations=3 (full 1):
 PSYoungGen      total 279040K, used 0K [0x0000000719380000, 0x000000072b880000, 0x00000007c0000000)
  eden space 258048K, 0% used [0x0000000719380000,0x0000000719380000,0x0000000728f80000)
  from space 20992K, 0% used [0x000000072a400000,0x000000072a400000,0x000000072b880000)
  to   space 20992K, 0% used [0x0000000728f80000,0x0000000728f80000,0x000000072a400000)
 ParOldGen       total 199168K, used 6660K [0x00000005cba00000, 0x00000005d7c80000, 0x0000000719380000)
  object space 199168K, 3% used [0x00000005cba00000,0x00000005cc0812c8,0x00000005d7c80000)
 Metaspace       used 20301K, capacity 21106K, committed 21248K, reserved 1067008K
  class space    used 2508K, capacity 2723K, committed 2816K, reserved 1048576K
}
Event: 18,873 GC heap before
{Heap before GC invocations=4 (full 1):
 PSYoungGen      total 279040K, used 151896K [0x0000000719380000, 0x000000072b880000, 0x00000007c0000000)
  eden space 258048K, 58% used [0x0000000719380000,0x00000007227d6258,0x0000000728f80000)
  from space 20992K, 0% used [0x000000072a400000,0x000000072a400000,0x000000072b880000)
  to   space 20992K, 0% used [0x0000000728f80000,0x0000000728f80000,0x000000072a400000)
 ParOldGen       total 199168K, used 6660K [0x00000005cba00000, 0x00000005d7c80000, 0x0000000719380000)
  object space 199168K, 3% used [0x00000005cba00000,0x00000005cc0812c8,0x00000005d7c80000)
 Metaspace       used 33600K, capacity 35364K, committed 35416K, reserved 1081344K
  class space    used 4130K, capacity 4448K, committed 4480K, reserved 1048576K
Event: 18,882 GC heap after
Heap after GC invocations=4 (full 1):
 PSYoungGen      total 279040K, used 13618K [0x0000000719380000, 0x0000000732280000, 0x00000007c0000000)
  eden space 258048K, 0% used [0x0000000719380000,0x0000000719380000,0x0000000728f80000)
  from space 20992K, 64% used [0x0000000728f80000,0x0000000729cccb10,0x000000072a400000)
  to   space 20992K, 0% used [0x0000000730e00000,0x0000000730e00000,0x0000000732280000)
 ParOldGen       total 199168K, used 6668K [0x00000005cba00000, 0x00000005d7c80000, 0x0000000719380000)
  object space 199168K, 3% used [0x00000005cba00000,0x00000005cc0832c8,0x00000005d7c80000)
 Metaspace       used 33600K, capacity 35364K, committed 35416K, reserved 1081344K
  class space    used 4130K, capacity 4448K, committed 4480K, reserved 1048576K
}
Event: 18,882 GC heap before
{Heap before GC invocations=5 (full 2):
 PSYoungGen      total 279040K, used 13618K [0x0000000719380000, 0x0000000732280000, 0x00000007c0000000)
  eden space 258048K, 0% used [0x0000000719380000,0x0000000719380000,0x0000000728f80000)
  from space 20992K, 64% used [0x0000000728f80000,0x0000000729cccb10,0x000000072a400000)
  to   space 20992K, 0% used [0x0000000730e00000,0x0000000730e00000,0x0000000732280000)
 ParOldGen       total 199168K, used 6668K [0x00000005cba00000, 0x00000005d7c80000, 0x0000000719380000)
  object space 199168K, 3% used [0x00000005cba00000,0x00000005cc0832c8,0x00000005d7c80000)
 Metaspace       used 33600K, capacity 35364K, committed 35416K, reserved 1081344K
  class space    used 4130K, capacity 4448K, committed 4480K, reserved 1048576K
Event: 18,908 GC heap after
Heap after GC invocations=5 (full 2):
 PSYoungGen      total 279040K, used 0K [0x0000000719380000, 0x0000000732280000, 0x00000007c0000000)
  eden space 258048K, 0% used [0x0000000719380000,0x0000000719380000,0x0000000728f80000)
  from space 20992K, 0% used [0x0000000728f80000,0x0000000728f80000,0x000000072a400000)
  to   space 20992K, 0% used [0x0000000730e00000,0x0000000730e00000,0x0000000732280000)
 ParOldGen       total 292352K, used 17064K [0x00000005cba00000, 0x00000005dd780000, 0x0000000719380000)
  object space 292352K, 5% used [0x00000005cba00000,0x00000005ccaaa2e0,0x00000005dd780000)
 Metaspace       used 33600K, capacity 35364K, committed 35416K, reserved 1081344K
  class space    used 4130K, capacity 4448K, committed 4480K, reserved 1048576K
}

