# JRE version: OpenJDK Runtime Environment (8.0_402-b06) (build 1.8.0_402-8u402-ga-2ubuntu1~22.04-b06)
# Java VM: OpenJDK 64-Bit Server VM (25.402-b06 mixed mode linux-amd64 compressed oops)
Heap:
 PSYoungGen      total 279040K, used 13265K [0x0000000719380000, 0x0000000731880000, 0x00000007c0000000)
  eden space 258048K, 5% used [0x0000000719380000,0x000000071a0746e0,0x0000000728f80000)
  from space 20992K, 0% used [0x0000000728f80000,0x0000000728f80000,0x000000072a400000)
  to   space 20992K, 0% used [0x0000000730400000,0x0000000730400000,0x0000000731880000)
 ParOldGen       total 303104K, used 17011K [0x00000005cba00000, 0x00000005de200000, 0x0000000719380000)
  object space 303104K, 5% used [0x00000005cba00000,0x00000005cca9ce18,0x00000005de200000)
 Metaspace       used 33792K, capacity 35572K, committed 35672K, reserved 1081344K
  class space    used 4146K, capacity 4480K, committed 4480K, reserved 1048576K
GC Heap History (10 events):
Event: 0,888 GC heap before
{Heap before GC invocations=1 (full 0):
 PSYoungGen      total 150016K, used 129024K [0x0000000719380000, 0x0000000723a80000, 0x00000007c0000000)
  eden space 129024K, 100% used [0x0000000719380000,0x0000000721180000,0x0000000721180000)
  from space 20992K, 0% used [0x0000000722600000,0x0000000722600000,0x0000000723a80000)
  to   space 20992K, 0% used [0x0000000721180000,0x0000000721180000,0x0000000722600000)
 ParOldGen       total 343040K, used 0K [0x00000005cba00000, 0x00000005e0900000, 0x0000000719380000)
  object space 343040K, 0% used [0x00000005cba00000,0x00000005cba00000,0x00000005e0900000)
 Metaspace       used 18330K, capacity 18960K, committed 19072K, reserved 1067008K
  class space    used 2261K, capacity 2410K, committed 2432K, reserved 1048576K
Event: 0,897 GC heap after
Heap after GC invocations=1 (full 0):
 PSYoungGen      total 150016K, used 13275K [0x0000000719380000, 0x000000072b880000, 0x00000007c0000000)
  eden space 129024K, 0% used [0x0000000719380000,0x0000000719380000,0x0000000721180000)
  from space 20992K, 63% used [0x0000000721180000,0x0000000721e76c68,0x0000000722600000)
  to   space 20992K, 0% used [0x000000072a400000,0x000000072a400000,0x000000072b880000)
 ParOldGen       total 343040K, used 16K [0x00000005cba00000, 0x00000005e0900000, 0x0000000719380000)
  object space 343040K, 0% used [0x00000005cba00000,0x00000005cba04000,0x00000005e0900000)
 Metaspace       used 18330K, capacity 18960K, committed 19072K, reserved 1067008K
  class space    used 2261K, capacity 2410K, committed 2432K, reserved 1048576K
}
Event: 1,090 GC heap before
{Heap before GC invocations=2 (full 0):
 PSYoungGen      total 150016K, used 51449K [0x0000000719380000, 0x000000072b880000, 0x00000007c0000000)
  eden space 129024K, 29% used [0x0000000719380000,0x000000071b8c7978,0x0000000721180000)
  from space 20992K, 63% used [0x0000000721180000,0x0000000721e76c68,0x0000000722600000)
  to   space 20992K, 0% used [0x000000072a400000,0x000000072a400000,0x000000072b880000)
 ParOldGen       total 343040K, used 16K [0x00000005cba00000, 0x00000005e0900000, 0x0000000719380000)
  object space 343040K, 0% used [0x00000005cba00000,0x00000005cba04000,0x00000005e0900000)
 Metaspace       used 20270K, capacity 21064K, committed 21248K, reserved 1067008K
  class space    used 2502K, capacity 2690K, committed 2816K, reserved 1048576K
Event: 1,095 GC heap after
Heap after GC invocations=2 (full 0):
 PSYoungGen      total 279040K, used 6869K [0x0000000719380000, 0x000000072b880000, 0x00000007c0000000)
  eden space 258048K, 0% used [0x0000000719380000,0x0000000719380000,0x0000000728f80000)
  from space 20992K, 32% used [0x000000072a400000,0x000000072aab5690,0x000000072b880000)
  to   space 20992K, 0% used [0x0000000728f80000,0x0000000728f80000,0x000000072a400000)
 ParOldGen       total 343040K, used 24K [0x00000005cba00000, 0x00000005e0900000, 0x0000000719380000)
  object space 343040K, 0% used [0x00000005cba00000,0x00000005cba06000,0x00000005e0900000)
 Metaspace       used 20270K, capacity 21064K, committed 21248K, reserved 1067008K
  class space    used 2502K, capacity 2690K, committed 2816K, reserved 1048576K
}
Event: 1,095 GC heap before
{Heap before GC invocations=3 (full 1):
 PSYoungGen      total 279040K, used 6869K [0x0000000719380000, 0x000000072b880000, 0x00000007c0000000)
  eden space 258048K, 0% used [0x0000000719380000,0x0000000719380000,0x0000000728f80000)
  from space 20992K, 32% used [0x000000072a400000,0x000000072aab5690,0x000000072b880000)
  to   space 20992K, 0% used [0x0000000728f80000,0x0000000728f80000,0x000000072a400000)
 ParOldGen       total 343040K, used 24K [0x00000005cba00000, 0x00000005e0900000, 0x0000000719380000)
  object space 343040K, 0% used [0x00000005cba00000,0x00000005cba06000,0x00000005e0900000)
 Metaspace       used 20270K, capacity 21064K, committed 21248K, reserved 1067008K
  class space    used 2502K, capacity 2690K, committed 2816K, reserved 1048576K
Event: 1,117 GC heap after
Heap after GC invocations=3 (full 1):
 PSYoungGen      total 279040K, used 0K [0x0000000719380000, 0x000000072b880000, 0x00000007c0000000)
  eden space 258048K, 0% used [0x0000000719380000,0x0000000719380000,0x0000000728f80000)
  from space 20992K, 0% used [0x000000072a400000,0x000000072a400000,0x000000072b880000)
  to   space 20992K, 0% used [0x0000000728f80000,0x0000000728f80000,0x000000072a400000)
 ParOldGen       total 203264K, used 6609K [0x00000005cba00000, 0x00000005d8080000, 0x0000000719380000)
  object space 203264K, 3% used [0x00000005cba00000,0x00000005cc0747c8,0x00000005d8080000)
 Metaspace       used 20269K, capacity 21058K, committed 21248K, reserved 1067008K
  class space    used 2501K, capacity 2689K, committed 2816K, reserved 1048576K
}
Event: 217,391 GC heap before
{Heap before GC invocations=4 (full 1):
 PSYoungGen      total 279040K, used 145309K [0x0000000719380000, 0x000000072b880000, 0x00000007c0000000)
  eden space 258048K, 56% used [0x0000000719380000,0x00000007221675b0,0x0000000728f80000)
  from space 20992K, 0% used [0x000000072a400000,0x000000072a400000,0x000000072b880000)
  to   space 20992K, 0% used [0x0000000728f80000,0x0000000728f80000,0x000000072a400000)
 ParOldGen       total 203264K, used 6609K [0x00000005cba00000, 0x00000005d8080000, 0x0000000719380000)
  object space 203264K, 3% used [0x00000005cba00000,0x00000005cc0747c8,0x00000005d8080000)
 Metaspace       used 33508K, capacity 35218K, committed 35416K, reserved 1081344K
  class space    used 4101K, capacity 4409K, committed 4480K, reserved 1048576K
Event: 217,400 GC heap after
Heap after GC invocations=4 (full 1):
 PSYoungGen      total 279040K, used 13591K [0x0000000719380000, 0x0000000731880000, 0x00000007c0000000)
  eden space 258048K, 0% used [0x0000000719380000,0x0000000719380000,0x0000000728f80000)
  from space 20992K, 64% used [0x0000000728f80000,0x0000000729cc5dd8,0x000000072a400000)
  to   space 20992K, 0% used [0x0000000730400000,0x0000000730400000,0x0000000731880000)
 ParOldGen       total 203264K, used 6617K [0x00000005cba00000, 0x00000005d8080000, 0x0000000719380000)
  object space 203264K, 3% used [0x00000005cba00000,0x00000005cc0767c8,0x00000005d8080000)
 Metaspace       used 33508K, capacity 35218K, committed 35416K, reserved 1081344K
  class space    used 4101K, capacity 4409K, committed 4480K, reserved 1048576K
}
Event: 217,400 GC heap before
{Heap before GC invocations=5 (full 2):
 PSYoungGen      total 279040K, used 13591K [0x0000000719380000, 0x0000000731880000, 0x00000007c0000000)
  eden space 258048K, 0% used [0x0000000719380000,0x0000000719380000,0x0000000728f80000)
  from space 20992K, 64% used [0x0000000728f80000,0x0000000729cc5dd8,0x000000072a400000)
  to   space 20992K, 0% used [0x0000000730400000,0x0000000730400000,0x0000000731880000)
 ParOldGen       total 203264K, used 6617K [0x00000005cba00000, 0x00000005d8080000, 0x0000000719380000)
  object space 203264K, 3% used [0x00000005cba00000,0x00000005cc0767c8,0x00000005d8080000)
 Metaspace       used 33508K, capacity 35218K, committed 35416K, reserved 1081344K
  class space    used 4101K, capacity 4409K, committed 4480K, reserved 1048576K
Event: 217,427 GC heap after
Heap after GC invocations=5 (full 2):
 PSYoungGen      total 279040K, used 0K [0x0000000719380000, 0x0000000731880000, 0x00000007c0000000)
  eden space 258048K, 0% used [0x0000000719380000,0x0000000719380000,0x0000000728f80000)
  from space 20992K, 0% used [0x0000000728f80000,0x0000000728f80000,0x000000072a400000)
  to   space 20992K, 0% used [0x0000000730400000,0x0000000730400000,0x0000000731880000)
 ParOldGen       total 303104K, used 17011K [0x00000005cba00000, 0x00000005de200000, 0x0000000719380000)
  object space 303104K, 5% used [0x00000005cba00000,0x00000005cca9ce18,0x00000005de200000)
 Metaspace       used 33508K, capacity 35218K, committed 35416K, reserved 1081344K
  class space    used 4101K, capacity 4409K, committed 4480K, reserved 1048576K
}

